Arbiter status: accepting connections
Slave status: accepting connections
Arbiter status: accepting connections
Slave status: accepting connections
Arbiter status: accepting connections
Slave status: accepting connections
Arbiter status: accepting connections
Slave status: accepting connections
Arbiter status: accepting connections
Slave status: accepting connections
Arbiter status: accepting connections
Slave status: accepting connections
Arbiter status: accepting connections
Slave status: accepting connections
Arbiter status: accepting connections
Slave status: no response
Потеряна связь с остальными узлами. Перезапуск Master.
Arbiter status: accepting connections
Slave status: no response
Arbiter status: accepting connections
Slave status: accepting connections
Arbiter status: no response
Slave status: accepting connections
Arbiter status: no response
Slave status: accepting connections
Arbiter status: no response
Slave status: accepting connections
Arbiter status: accepting connections
Slave status: accepting connections
Arbiter status: no response
Slave status: no response
Потеряна связь с остальными узлами. Перезапуск Master.
Arbiter status: no response
Slave status: no response
Arbiter status: accepting connections
Slave status: accepting connections
Arbiter status: accepting connections
Slave status: accepting connections
Потеряна связь с остальными узлами. Перезапуск Master.
